2023.11.21 22:04:42 INFO  Started: Metals version 1.1.0 in folders '/home/fufu/桌面/leros-master' for client Visual Studio Code 1.84.2.
2023.11.21 22:04:43 WARN  Build server is not auto-connectable.
2023.11.21 22:06:05 WARN  no build target for: /home/fufu/桌面/leros-master/src/main/scala/leros/shared/Constants.scala
2023.11.21 22:06:07 INFO  no build target found for /home/fufu/桌面/leros-master/src/main/scala/leros/shared/Constants.scala. Using presentation compiler with project's scala-library version: 3.3.1
2023.11.21 22:06:09 INFO  time: code lens generation in 1.34s
2023.11.21 22:06:31 WARN  no build target for: /home/fufu/桌面/leros-master/src/main/scala/leros/shared/Util.scala
2023.11.21 22:06:35 WARN  no build target for: /home/fufu/桌面/leros-master/src/main/scala/leros/DataMem.scala
2023.11.21 22:06:35 WARN  no build target for: /home/fufu/桌面/leros-master/src/main/scala/leros/AluAccu.scala
2023.11.21 22:07:09 WARN  no build target for: /home/fufu/桌面/leros-master/build.sbt
2023.11.21 22:07:09 WARN  Could not find semantic tokens for: file:///home/fufu/%E6%A1%8C%E9%9D%A2/leros-master/build.sbt
2023.11.21 22:07:09 WARN  Could not find semantic tokens for: file:///home/fufu/%E6%A1%8C%E9%9D%A2/leros-master/build.sbt
2023.11.21 22:07:31 WARN  no build target for: /home/fufu/桌面/leros-master/src/main/scala/leros/AluAccu.scala
2023.11.21 22:07:35 WARN  no build target for: /home/fufu/桌面/leros-master/src/main/scala/leros/Decode.scala
2023.11.21 22:07:42 WARN  no build target for: /home/fufu/桌面/leros-master/src/main/scala/leros/AluAccu.scala
2023.11.21 22:07:50 WARN  no build target for: /home/fufu/桌面/leros-master/src/main/scala/leros/DataMem.scala
2023.11.21 22:07:51 WARN  no build target for: /home/fufu/桌面/leros-master/src/main/scala/leros/AluAccu.scala
2023.11.21 22:07:59 WARN  no build target for: /home/fufu/桌面/leros-master/src/main/scala/leros/LerosBase.scala
2023.11.21 22:08:02 WARN  no build target for: /home/fufu/桌面/leros-master/src/main/scala/leros/Leros.scala
2023.11.21 22:11:59 INFO  Shutting down server
2023.11.21 22:11:59 INFO  shutting down Metals
2023.11.21 22:11:59 INFO  Exiting server
2023.11.21 22:11:59 ERROR Unexpected error initializing server: 
org.eclipse.lsp4j.jsonrpc.ResponseErrorException: Request window/showMessageRequest failed with message: Canceled
	at org.eclipse.lsp4j.jsonrpc.RemoteEndpoint.handleResponse(RemoteEndpoint.java:209)
	at org.eclipse.lsp4j.jsonrpc.RemoteEndpoint.consume(RemoteEndpoint.java:193)
	at org.eclipse.lsp4j.jsonrpc.json.StreamMessageProducer.handleMessage(StreamMessageProducer.java:194)
	at org.eclipse.lsp4j.jsonrpc.json.StreamMessageProducer.listen(StreamMessageProducer.java:94)
	at org.eclipse.lsp4j.jsonrpc.json.ConcurrentMessageProcessor.run(ConcurrentMessageProcessor.java:113)
	at java.util.concurrent.Executors$RunnableAdapter.call(Executors.java:515)
	at java.util.concurrent.FutureTask.run(FutureTask.java:264)
	at java.util.concurrent.ThreadPoolExecutor.runWorker(ThreadPoolExecutor.java:1128)
	at java.util.concurrent.ThreadPoolExecutor$Worker.run(ThreadPoolExecutor.java:628)
	at java.lang.Thread.run(Thread.java:829)

2023.11.22 16:03:31 INFO  Started: Metals version 1.1.0 in folders '/home/fufu/桌面/leros-master' for client Visual Studio Code 1.84.2.
2023.11.22 16:03:33 WARN  Build server is not auto-connectable.
2023.11.22 16:03:33 WARN  no build target for: /home/fufu/桌面/leros-master/build.sbt
2023.11.22 16:03:40 INFO  no build target found for /home/fufu/桌面/leros-master/build.sbt. Using presentation compiler with project's scala-library version: 3.3.1
2023.11.22 16:03:43 WARN  Could not find semantic tokens for: file:///home/fufu/%E6%A1%8C%E9%9D%A2/leros-master/build.sbt
2023.11.22 16:03:43 INFO  time: code lens generation in 9.95s
2023.11.22 16:03:43 WARN  Could not find semantic tokens for: file:///home/fufu/%E6%A1%8C%E9%9D%A2/leros-master/build.sbt
2023.11.22 16:03:57 WARN  Could not find semantic tokens for: file:///home/fufu/%E6%A1%8C%E9%9D%A2/leros-master/build.sbt
2023.11.22 16:03:58 WARN  Could not find semantic tokens for: file:///home/fufu/%E6%A1%8C%E9%9D%A2/leros-master/build.sbt
2023.11.22 16:03:58 WARN  no build target for: /home/fufu/桌面/leros-master/build.sbt
2023.11.22 16:03:59 WARN  Could not find semantic tokens for: file:///home/fufu/%E6%A1%8C%E9%9D%A2/leros-master/build.sbt
2023.11.22 16:03:59 WARN  Could not find semantic tokens for: file:///home/fufu/%E6%A1%8C%E9%9D%A2/leros-master/build.sbt
11月 22, 2023 4:03:59 下午 org.eclipse.lsp4j.jsonrpc.RemoteEndpoint handleCancellation
警告: Unmatched cancel notification for request id 20
2023.11.22 16:03:59 WARN  Could not find semantic tokens for: file:///home/fufu/%E6%A1%8C%E9%9D%A2/leros-master/build.sbt
2023.11.22 16:03:59 WARN  no build target for: /home/fufu/桌面/leros-master/build.sbt
2023.11.22 16:04:00 WARN  Could not find semantic tokens for: file:///home/fufu/%E6%A1%8C%E9%9D%A2/leros-master/build.sbt
2023.11.22 16:04:00 WARN  Could not find semantic tokens for: file:///home/fufu/%E6%A1%8C%E9%9D%A2/leros-master/build.sbt
2023.11.22 16:04:06 WARN  Could not find semantic tokens for: file:///home/fufu/%E6%A1%8C%E9%9D%A2/leros-master/build.sbt
2023.11.22 16:04:07 WARN  Could not find semantic tokens for: file:///home/fufu/%E6%A1%8C%E9%9D%A2/leros-master/build.sbt
2023.11.22 16:04:07 WARN  no build target for: /home/fufu/桌面/leros-master/build.sbt
2023.11.22 16:04:07 WARN  Could not find semantic tokens for: file:///home/fufu/%E6%A1%8C%E9%9D%A2/leros-master/build.sbt
2023.11.22 16:04:07 WARN  Could not find semantic tokens for: file:///home/fufu/%E6%A1%8C%E9%9D%A2/leros-master/build.sbt
2023.11.22 16:04:08 WARN  Could not find semantic tokens for: file:///home/fufu/%E6%A1%8C%E9%9D%A2/leros-master/build.sbt
2023.11.22 16:04:09 WARN  no build target for: /home/fufu/桌面/leros-master/build.sbt
2023.11.22 16:04:09 WARN  Could not find semantic tokens for: file:///home/fufu/%E6%A1%8C%E9%9D%A2/leros-master/build.sbt
2023.11.22 16:04:09 WARN  Could not find semantic tokens for: file:///home/fufu/%E6%A1%8C%E9%9D%A2/leros-master/build.sbt
2023.11.22 16:04:10 WARN  Could not find semantic tokens for: file:///home/fufu/%E6%A1%8C%E9%9D%A2/leros-master/build.sbt
2023.11.22 16:04:10 WARN  Could not find semantic tokens for: file:///home/fufu/%E6%A1%8C%E9%9D%A2/leros-master/build.sbt
2023.11.22 16:04:11 WARN  no build target for: /home/fufu/桌面/leros-master/build.sbt
2023.11.22 16:04:11 WARN  Could not find semantic tokens for: file:///home/fufu/%E6%A1%8C%E9%9D%A2/leros-master/build.sbt
2023.11.22 16:04:11 WARN  Could not find semantic tokens for: file:///home/fufu/%E6%A1%8C%E9%9D%A2/leros-master/build.sbt
2023.11.22 16:04:26 WARN  no build target for: /home/fufu/桌面/leros-master/src/main/scala/leros/DataMem.scala
2023.11.22 16:04:29 INFO  time: code lens generation in 1.38s
2023.11.22 16:05:10 WARN  no build target for: /home/fufu/桌面/leros-master/src/main/scala/leros/Leros.scala
11月 22, 2023 4:05:11 下午 org.eclipse.lsp4j.jsonrpc.RemoteEndpoint handleCancellation
警告: Unmatched cancel notification for request id 82
11月 22, 2023 4:10:12 下午 org.eclipse.lsp4j.jsonrpc.RemoteEndpoint handleCancellation
警告: Unmatched cancel notification for request id 98
2023.11.22 16:10:12 WARN  Could not find semantic tokens for: file:///home/fufu/%E6%A1%8C%E9%9D%A2/leros-master/build.sbt
2023.11.22 16:10:16 WARN  Could not find semantic tokens for: file:///home/fufu/%E6%A1%8C%E9%9D%A2/leros-master/build.sbt
2023.11.22 16:10:17 WARN  no build target for: /home/fufu/桌面/leros-master/build.sbt
2023.11.22 16:10:17 WARN  Could not find semantic tokens for: file:///home/fufu/%E6%A1%8C%E9%9D%A2/leros-master/build.sbt
2023.11.22 16:10:17 WARN  Could not find semantic tokens for: file:///home/fufu/%E6%A1%8C%E9%9D%A2/leros-master/build.sbt
2023.11.22 16:10:18 WARN  Could not find semantic tokens for: file:///home/fufu/%E6%A1%8C%E9%9D%A2/leros-master/build.sbt
2023.11.22 16:10:18 WARN  no build target for: /home/fufu/桌面/leros-master/build.sbt
2023.11.22 16:10:19 INFO  skipping build import with status 'Dismissed'
2023.11.22 16:10:19 WARN  Could not find semantic tokens for: file:///home/fufu/%E6%A1%8C%E9%9D%A2/leros-master/build.sbt
2023.11.22 16:10:19 WARN  Could not find semantic tokens for: file:///home/fufu/%E6%A1%8C%E9%9D%A2/leros-master/build.sbt
2023.11.22 16:10:19 WARN  Could not find semantic tokens for: file:///home/fufu/%E6%A1%8C%E9%9D%A2/leros-master/build.sbt
2023.11.22 16:10:20 WARN  Could not find semantic tokens for: file:///home/fufu/%E6%A1%8C%E9%9D%A2/leros-master/build.sbt
2023.11.22 16:10:20 WARN  no build target for: /home/fufu/桌面/leros-master/build.sbt
2023.11.22 16:10:20 INFO  skipping build import with status 'Dismissed'
2023.11.22 16:10:20 WARN  Could not find semantic tokens for: file:///home/fufu/%E6%A1%8C%E9%9D%A2/leros-master/build.sbt
2023.11.22 16:10:21 WARN  Could not find semantic tokens for: file:///home/fufu/%E6%A1%8C%E9%9D%A2/leros-master/build.sbt
2023.11.22 16:14:37 INFO  Shutting down server
2023.11.22 16:14:37 INFO  shutting down Metals
2023.11.22 16:14:37 INFO  Exiting server
2023.11.22 16:31:12 INFO  Started: Metals version 1.1.0 in folders '/home/fufu/桌面/leros-master' for client Visual Studio Code 1.84.2.
2023.11.22 16:31:16 WARN  Build server is not auto-connectable.
2023.11.22 16:31:16 WARN  no build target for: /home/fufu/桌面/leros-master/build.sbt
2023.11.22 16:31:27 INFO  no build target found for /home/fufu/桌面/leros-master/build.sbt. Using presentation compiler with project's scala-library version: 3.3.1
2023.11.22 16:31:32 WARN  Could not find semantic tokens for: file:///home/fufu/%E6%A1%8C%E9%9D%A2/leros-master/build.sbt
2023.11.22 16:31:32 INFO  time: code lens generation in 15s
2023.11.22 16:31:32 WARN  Could not find semantic tokens for: file:///home/fufu/%E6%A1%8C%E9%9D%A2/leros-master/build.sbt
2023.11.22 16:33:54 WARN  no build target for: /home/fufu/桌面/leros-master/src/main/scala/leros/LerosBase.scala
2023.11.22 16:33:59 WARN  no build target for: /home/fufu/桌面/leros-master/src/main/scala/leros/Leros.scala
2023.11.22 16:34:33 WARN  no build target for: /home/fufu/桌面/leros-master/src/main/scala/leros/sim/LerosSim.scala
2023.11.22 16:36:05 WARN  no build target for: /home/fufu/桌面/leros-master/src/main/scala/leros/Leros.scala
2023.11.22 16:36:07 ERROR Failed to tokenize input for semantic tokens for /home/fufu/桌面/leros-master/src/main/scala/leros/Leros.scala
scala.meta.tokenizers.TokenizeException: <input>:167: error: unclosed comment
/*object Leros extends App {
^
	at scala.meta.internal.tokenizers.Reporter.incompleteInputError(Reporter.scala:27)
	at scala.meta.internal.tokenizers.Reporter.incompleteInputError$(Reporter.scala:26)
	at scala.meta.internal.tokenizers.Reporter$$anon$1.incompleteInputError(Reporter.scala:33)
	at scala.meta.internal.tokenizers.Reporter.incompleteInputError(Reporter.scala:29)
	at scala.meta.internal.tokenizers.Reporter.incompleteInputError$(Reporter.scala:29)
	at scala.meta.internal.tokenizers.Reporter$$anon$1.incompleteInputError(Reporter.scala:33)
	at scala.meta.internal.tokenizers.LegacyScanner.skipNestedComments(LegacyScanner.scala:52)
	at scala.meta.internal.tokenizers.LegacyScanner.skipToCommentEnd(LegacyScanner.scala:71)
	at scala.meta.internal.tokenizers.LegacyScanner.fetchToken(LegacyScanner.scala:313)
	at scala.meta.internal.tokenizers.LegacyScanner.nextToken(LegacyScanner.scala:211)
	at scala.meta.internal.tokenizers.LegacyScanner.foreach(LegacyScanner.scala:1011)
	at scala.meta.internal.tokenizers.ScalametaTokenizer.uncachedTokenize(ScalametaTokenizer.scala:24)
	at scala.meta.internal.tokenizers.ScalametaTokenizer.$anonfun$tokenize$1(ScalametaTokenizer.scala:17)
	at scala.collection.concurrent.TrieMap.getOrElseUpdate(TrieMap.scala:962)
	at scala.meta.internal.tokenizers.ScalametaTokenizer.tokenize(ScalametaTokenizer.scala:17)
	at scala.meta.internal.tokenizers.ScalametaTokenizer$$anon$2.apply(ScalametaTokenizer.scala:332)
	at scala.meta.tokenizers.Api$XtensionTokenizeDialectInput.tokenize(Api.scala:25)
	at scala.meta.tokenizers.Api$XtensionTokenizeInputLike.tokenize(Api.scala:14)
	at scala.meta.internal.metals.SemanticTokensProvider$.getTokens(SemanticTokensProvider.scala:28)
	at scala.meta.internal.metals.SemanticTokensProvider$.provide(SemanticTokensProvider.scala:89)
	at scala.meta.internal.metals.Compilers.$anonfun$semanticTokens$3(Compilers.scala:539)
	at scala.concurrent.impl.Promise$Transformation.run(Promise.scala:467)
	at java.util.concurrent.ThreadPoolExecutor.runWorker(ThreadPoolExecutor.java:1128)
	at java.util.concurrent.ThreadPoolExecutor$Worker.run(ThreadPoolExecutor.java:628)
	at java.lang.Thread.run(Thread.java:829)

2023.11.22 16:36:08 WARN  no build target for: /home/fufu/桌面/leros-master/src/main/scala/leros/Leros.scala
2023.11.22 16:36:08 ERROR Failed to tokenize input for semantic tokens for /home/fufu/桌面/leros-master/src/main/scala/leros/Leros.scala
scala.meta.tokenizers.TokenizeException: <input>:167: error: unclosed comment
/*object Leros extends App {
^
	at scala.meta.internal.tokenizers.Reporter.incompleteInputError(Reporter.scala:27)
	at scala.meta.internal.tokenizers.Reporter.incompleteInputError$(Reporter.scala:26)
	at scala.meta.internal.tokenizers.Reporter$$anon$1.incompleteInputError(Reporter.scala:33)
	at scala.meta.internal.tokenizers.Reporter.incompleteInputError(Reporter.scala:29)
	at scala.meta.internal.tokenizers.Reporter.incompleteInputError$(Reporter.scala:29)
	at scala.meta.internal.tokenizers.Reporter$$anon$1.incompleteInputError(Reporter.scala:33)
	at scala.meta.internal.tokenizers.LegacyScanner.skipNestedComments(LegacyScanner.scala:52)
	at scala.meta.internal.tokenizers.LegacyScanner.skipToCommentEnd(LegacyScanner.scala:71)
	at scala.meta.internal.tokenizers.LegacyScanner.fetchToken(LegacyScanner.scala:313)
	at scala.meta.internal.tokenizers.LegacyScanner.nextToken(LegacyScanner.scala:211)
	at scala.meta.internal.tokenizers.LegacyScanner.foreach(LegacyScanner.scala:1011)
	at scala.meta.internal.tokenizers.ScalametaTokenizer.uncachedTokenize(ScalametaTokenizer.scala:24)
	at scala.meta.internal.tokenizers.ScalametaTokenizer.$anonfun$tokenize$1(ScalametaTokenizer.scala:17)
	at scala.collection.concurrent.TrieMap.getOrElseUpdate(TrieMap.scala:962)
	at scala.meta.internal.tokenizers.ScalametaTokenizer.tokenize(ScalametaTokenizer.scala:17)
	at scala.meta.internal.tokenizers.ScalametaTokenizer$$anon$2.apply(ScalametaTokenizer.scala:332)
	at scala.meta.tokenizers.Api$XtensionTokenizeDialectInput.tokenize(Api.scala:25)
	at scala.meta.tokenizers.Api$XtensionTokenizeInputLike.tokenize(Api.scala:14)
	at scala.meta.internal.metals.SemanticTokensProvider$.getTokens(SemanticTokensProvider.scala:28)
	at scala.meta.internal.metals.SemanticTokensProvider$.provide(SemanticTokensProvider.scala:89)
	at scala.meta.internal.metals.Compilers.$anonfun$semanticTokens$3(Compilers.scala:539)
	at scala.concurrent.impl.Promise$Transformation.run(Promise.scala:467)
	at java.util.concurrent.ThreadPoolExecutor.runWorker(ThreadPoolExecutor.java:1128)
	at java.util.concurrent.ThreadPoolExecutor$Worker.run(ThreadPoolExecutor.java:628)
	at java.lang.Thread.run(Thread.java:829)

2023.11.22 16:36:10 WARN  no build target for: /home/fufu/桌面/leros-master/src/main/scala/leros/Leros.scala
2023.11.22 16:37:02 WARN  no build target for: /home/fufu/桌面/leros-master/src/main/scala/leros/shared/Constants.scala
2023.11.22 16:37:10 WARN  no build target for: /home/fufu/桌面/leros-master/src/main/scala/leros/LerosBase.scala
2023.11.22 16:37:26 ERROR Failed to tokenize input for semantic tokens for /home/fufu/桌面/leros-master/src/main/scala/leros/Leros.scala
scala.meta.tokenizers.TokenizeException: <input>:167: error: unclosed comment
/*object Leros extends App {
^
	at scala.meta.internal.tokenizers.Reporter.incompleteInputError(Reporter.scala:27)
	at scala.meta.internal.tokenizers.Reporter.incompleteInputError$(Reporter.scala:26)
	at scala.meta.internal.tokenizers.Reporter$$anon$1.incompleteInputError(Reporter.scala:33)
	at scala.meta.internal.tokenizers.Reporter.incompleteInputError(Reporter.scala:29)
	at scala.meta.internal.tokenizers.Reporter.incompleteInputError$(Reporter.scala:29)
	at scala.meta.internal.tokenizers.Reporter$$anon$1.incompleteInputError(Reporter.scala:33)
	at scala.meta.internal.tokenizers.LegacyScanner.skipNestedComments(LegacyScanner.scala:52)
	at scala.meta.internal.tokenizers.LegacyScanner.skipToCommentEnd(LegacyScanner.scala:71)
	at scala.meta.internal.tokenizers.LegacyScanner.fetchToken(LegacyScanner.scala:313)
	at scala.meta.internal.tokenizers.LegacyScanner.nextToken(LegacyScanner.scala:211)
	at scala.meta.internal.tokenizers.LegacyScanner.foreach(LegacyScanner.scala:1011)
	at scala.meta.internal.tokenizers.ScalametaTokenizer.uncachedTokenize(ScalametaTokenizer.scala:24)
	at scala.meta.internal.tokenizers.ScalametaTokenizer.$anonfun$tokenize$1(ScalametaTokenizer.scala:17)
	at scala.collection.concurrent.TrieMap.getOrElseUpdate(TrieMap.scala:962)
	at scala.meta.internal.tokenizers.ScalametaTokenizer.tokenize(ScalametaTokenizer.scala:17)
	at scala.meta.internal.tokenizers.ScalametaTokenizer$$anon$2.apply(ScalametaTokenizer.scala:332)
	at scala.meta.tokenizers.Api$XtensionTokenizeDialectInput.tokenize(Api.scala:25)
	at scala.meta.tokenizers.Api$XtensionTokenizeInputLike.tokenize(Api.scala:14)
	at scala.meta.internal.metals.SemanticTokensProvider$.getTokens(SemanticTokensProvider.scala:28)
	at scala.meta.internal.metals.SemanticTokensProvider$.provide(SemanticTokensProvider.scala:89)
	at scala.meta.internal.metals.Compilers.$anonfun$semanticTokens$3(Compilers.scala:539)
	at scala.concurrent.impl.Promise$Transformation.run(Promise.scala:467)
	at java.util.concurrent.ThreadPoolExecutor.runWorker(ThreadPoolExecutor.java:1128)
	at java.util.concurrent.ThreadPoolExecutor$Worker.run(ThreadPoolExecutor.java:628)
	at java.lang.Thread.run(Thread.java:829)

2023.11.22 16:37:27 WARN  no build target for: /home/fufu/桌面/leros-master/src/main/scala/leros/Leros.scala
2023.11.22 16:37:26 ERROR Failed to tokenize input for semantic tokens for /home/fufu/桌面/leros-master/src/main/scala/leros/Leros.scala
scala.meta.tokenizers.TokenizeException: <input>:167: error: unclosed comment
/*object Leros extends App {
^
	at scala.meta.internal.tokenizers.Reporter.incompleteInputError(Reporter.scala:27)
	at scala.meta.internal.tokenizers.Reporter.incompleteInputError$(Reporter.scala:26)
	at scala.meta.internal.tokenizers.Reporter$$anon$1.incompleteInputError(Reporter.scala:33)
	at scala.meta.internal.tokenizers.Reporter.incompleteInputError(Reporter.scala:29)
	at scala.meta.internal.tokenizers.Reporter.incompleteInputError$(Reporter.scala:29)
	at scala.meta.internal.tokenizers.Reporter$$anon$1.incompleteInputError(Reporter.scala:33)
	at scala.meta.internal.tokenizers.LegacyScanner.skipNestedComments(LegacyScanner.scala:52)
	at scala.meta.internal.tokenizers.LegacyScanner.skipToCommentEnd(LegacyScanner.scala:71)
	at scala.meta.internal.tokenizers.LegacyScanner.fetchToken(LegacyScanner.scala:313)
	at scala.meta.internal.tokenizers.LegacyScanner.nextToken(LegacyScanner.scala:211)
	at scala.meta.internal.tokenizers.LegacyScanner.foreach(LegacyScanner.scala:1011)
	at scala.meta.internal.tokenizers.ScalametaTokenizer.uncachedTokenize(ScalametaTokenizer.scala:24)
	at scala.meta.internal.tokenizers.ScalametaTokenizer.$anonfun$tokenize$1(ScalametaTokenizer.scala:17)
	at scala.collection.concurrent.TrieMap.getOrElseUpdate(TrieMap.scala:962)
	at scala.meta.internal.tokenizers.ScalametaTokenizer.tokenize(ScalametaTokenizer.scala:17)
	at scala.meta.internal.tokenizers.ScalametaTokenizer$$anon$2.apply(ScalametaTokenizer.scala:332)
	at scala.meta.tokenizers.Api$XtensionTokenizeDialectInput.tokenize(Api.scala:25)
	at scala.meta.tokenizers.Api$XtensionTokenizeInputLike.tokenize(Api.scala:14)
	at scala.meta.internal.metals.SemanticTokensProvider$.getTokens(SemanticTokensProvider.scala:28)
	at scala.meta.internal.metals.SemanticTokensProvider$.provide(SemanticTokensProvider.scala:89)
	at scala.meta.internal.metals.Compilers.$anonfun$semanticTokens$3(Compilers.scala:539)
	at scala.concurrent.impl.Promise$Transformation.run(Promise.scala:467)
	at java.util.concurrent.ThreadPoolExecutor.runWorker(ThreadPoolExecutor.java:1128)
	at java.util.concurrent.ThreadPoolExecutor$Worker.run(ThreadPoolExecutor.java:628)
	at java.lang.Thread.run(Thread.java:829)

2023.11.22 16:37:29 WARN  no build target for: /home/fufu/桌面/leros-master/src/main/scala/leros/Leros.scala
2023.11.22 16:37:31 WARN  no build target for: /home/fufu/桌面/leros-master/src/main/scala/leros/Leros.scala
11月 22, 2023 4:38:20 下午 org.eclipse.lsp4j.jsonrpc.RemoteEndpoint handleCancellation
警告: Unmatched cancel notification for request id 140
2023.11.22 16:39:21 INFO  Shutting down server
2023.11.22 16:39:21 INFO  shutting down Metals
2023.11.22 16:39:21 INFO  Exiting server
